Mon Aug 08 2022 11:02:01 GMT-0400 (Eastern Daylight Time) - POST - /user - [object Object] 
Mon Aug 08 2022 16:00:18 GMT-0400 (Eastern Daylight Time) - GET - /save-db - [object Object] 
Mon Aug 08 2022 16:00:26 GMT-0400 (Eastern Daylight Time) - POST - /save-db - [object Object] 
Mon Aug 08 2022 16:01:14 GMT-0400 (Eastern Daylight Time) - POST - /save-db - [object Object] 
Mon Aug 08 2022 16:01:19 GMT-0400 (Eastern Daylight Time) - POST - /save-db - [object Object] 
Mon Aug 08 2022 16:01:21 GMT-0400 (Eastern Daylight Time) - POST - /save-db - [object Object] 
Mon Aug 08 2022 16:01:22 GMT-0400 (Eastern Daylight Time) - POST - /save-db - [object Object] 
Mon Aug 08 2022 16:20:35 GMT-0400 (Eastern Daylight Time) - POST - /save-db - [object Object] 
Mon Aug 08 2022 16:21:33 GMT-0400 (Eastern Daylight Time) - POST - /save-db - [object Object] 
Mon Aug 08 2022 16:21:51 GMT-0400 (Eastern Daylight Time) - POST - /add-notes - [object Object] 
Mon Aug 08 2022 16:22:31 GMT-0400 (Eastern Daylight Time) - POST - /add-notes - [object Object] 
Mon Aug 08 2022 16:22:34 GMT-0400 (Eastern Daylight Time) - POST - /add-notes - [object Object] 
Mon Aug 08 2022 16:22:35 GMT-0400 (Eastern Daylight Time) - POST - /add-notes - [object Object] 
Mon Aug 08 2022 16:22:35 GMT-0400 (Eastern Daylight Time) - POST - /add-notes - [object Object] 
Mon Aug 08 2022 16:22:36 GMT-0400 (Eastern Daylight Time) - POST - /add-notes - [object Object] 
Mon Aug 08 2022 16:22:37 GMT-0400 (Eastern Daylight Time) - POST - /add-notes - [object Object] 
Mon Aug 08 2022 16:25:13 GMT-0400 (Eastern Daylight Time) - POST - /add-notes - [object Object] 
Mon Aug 08 2022 16:25:17 GMT-0400 (Eastern Daylight Time) - POST - /add-notes - [object Object] 
Mon Aug 08 2022 16:25:53 GMT-0400 (Eastern Daylight Time) - POST - /add-notes - [object Object] 
Mon Aug 08 2022 16:25:54 GMT-0400 (Eastern Daylight Time) - POST - /add-notes - [object Object] 
Mon Aug 08 2022 16:25:55 GMT-0400 (Eastern Daylight Time) - POST - /add-notes - [object Object] 
Mon Aug 08 2022 16:26:15 GMT-0400 (Eastern Daylight Time) - POST - /add-notes - [object Object] 
Mon Aug 08 2022 16:26:28 GMT-0400 (Eastern Daylight Time) - POST - /add-notes - [object Object] 
Mon Aug 08 2022 16:26:30 GMT-0400 (Eastern Daylight Time) - POST - /add-notes - [object Object] 
Mon Aug 08 2022 16:26:31 GMT-0400 (Eastern Daylight Time) - POST - /add-notes - [object Object] 
Mon Aug 08 2022 16:28:21 GMT-0400 (Eastern Daylight Time) - GET - /add-notes - [object Object] 
Mon Aug 08 2022 16:28:22 GMT-0400 (Eastern Daylight Time) - GET - /add-notes - [object Object] 
Mon Aug 08 2022 16:28:36 GMT-0400 (Eastern Daylight Time) - GET - /packages - [object Object] 
Mon Aug 08 2022 16:28:55 GMT-0400 (Eastern Daylight Time) - GET - /packages - [object Object] 
Mon Aug 08 2022 16:29:54 GMT-0400 (Eastern Daylight Time) - POST - /add-notes - [object Object] 
